<?xml version="1.0" encoding="UTF-8"?>
<!-- Generated by org.testng.reporters.JUnitReportReporter -->
<testsuite hostname="SCI-DT-151" name="Test.PPCmain" tests="1" failures="0" timestamp="28 Jul 2016 12:06:51 GMT" time="154.367" errors="0">
  <testcase name="JobDetailsScrapper" time="154.367" classname="Test.PPCmain"/>
</testsuite> <!-- Test.PPCmain -->
