<?xml version="1.0" encoding="UTF-8"?>
<!-- Generated by org.testng.reporters.JUnitReportReporter -->
<testsuite hostname="SCI-RENTAL-07" name="Test.LoginLogutTest" tests="1" failures="0" timestamp="31 Dec 2014 09:08:56 GMT" time="60.308" errors="0">
  <testcase name="LoginLogut_Test" time="60.308" classname="Test.LoginLogutTest"/>
</testsuite> <!-- Test.LoginLogutTest -->
