<?xml version="1.0" encoding="UTF-8"?>
<!-- Generated by org.testng.reporters.JUnitReportReporter -->
<testsuite hostname="SCI-RENTAL-07" name="Test.BrowseProductAndAddToCartTest" tests="1" failures="0" timestamp="31 Dec 2014 09:08:56 GMT" time="82.682" errors="0">
  <testcase name="BrowseProductAndAddToCart_Test" time="82.682" classname="Test.BrowseProductAndAddToCartTest"/>
</testsuite> <!-- Test.BrowseProductAndAddToCartTest -->
