<?xml version="1.0" encoding="UTF-8"?>
<!-- Generated by org.testng.reporters.JUnitReportReporter -->
<testsuite hostname="SCI-DT-70" name="Test.CheckoutTest" tests="1" failures="0" timestamp="23 Dec 2014 08:24:12 GMT" time="57.236" errors="0">
  <testcase name="guestCheckout" time="57.236" classname="Test.CheckoutTest"/>
</testsuite> <!-- Test.CheckoutTest -->
