<?xml version="1.0" encoding="UTF-8"?>
<!-- Generated by org.testng.reporters.JUnitReportReporter -->
<testsuite hostname="SCI-RENTAL-07" name="Test.RegistrationTest" tests="1" failures="0" timestamp="31 Dec 2014 09:08:56 GMT" time="66.922" errors="0">
  <testcase name="Registration_Test" time="66.922" classname="Test.RegistrationTest"/>
</testsuite> <!-- Test.RegistrationTest -->
