<?xml version="1.0" encoding="UTF-8"?>
<!-- Generated by org.testng.reporters.JUnitReportReporter -->
<testsuite hostname="SCI-RENTAL-07" name="Test.RegUserCheckOut" tests="1" failures="0" timestamp="31 Dec 2014 09:08:56 GMT" time="191.629" errors="0">
  <testcase name="Checkout_As_Reg_User" time="191.629" classname="Test.RegUserCheckOut"/>
</testsuite> <!-- Test.RegUserCheckOut -->
